<?xml version="1.0" encoding="UTF-8"?>
<testng-results ignored="0" total="1" passed="1" failed="0" skipped="0">
  <reporter-output>
  </reporter-output>
  <suite started-at="2023-11-09T21:15:26 EST" name="Default suite" finished-at="2023-11-09T21:15:41 EST" duration-ms="15754">
    <groups>
    </groups>
    <test started-at="2023-11-09T21:15:26 EST" name="Default test" finished-at="2023-11-09T21:15:41 EST" duration-ms="15754">
      <class name="testPackage.TC_SF_015">
        <test-method is-config="true" signature="browserSetup()[pri:0, instance:testPackage.TC_SF_015@3e694b3f]" started-at="2023-11-09T21:15:26 EST" name="browserSetup" finished-at="2023-11-09T21:15:38 EST" duration-ms="12013" status="PASS">
          <reporter-output>
          </reporter-output>
        </test-method> <!-- browserSetup -->
        <test-method signature="Search015()[pri:0, instance:testPackage.TC_SF_015@3e694b3f]" started-at="2023-11-09T21:15:38 EST" name="Search015" finished-at="2023-11-09T21:15:41 EST" duration-ms="3696" status="PASS">
          <reporter-output>
          </reporter-output>
        </test-method> <!-- Search015 -->
      </class> <!-- testPackage.TC_SF_015 -->
    </test> <!-- Default test -->
  </suite> <!-- Default suite -->
</testng-results>
